<?xml version="1.0" encoding="UTF-8"?>
<testng-results ignored="0" total="2" passed="2" failed="0" skipped="0">
  <reporter-output>
  </reporter-output>
  <suite started-at="2022-06-13T13:02:05 IST" name="Default suite" finished-at="2022-06-13T13:03:07 IST" duration-ms="61638">
    <groups>
    </groups>
    <test started-at="2022-06-13T13:02:05 IST" name="Default test" finished-at="2022-06-13T13:03:07 IST" duration-ms="61638">
      <class name="Data_Driven_Testing.RegistertodemoWebShop">
        <test-method signature="Tc(java.lang.String,java.lang.String,java.lang.String,java.lang.String)[pri:0, instance:Data_Driven_Testing.RegistertodemoWebShop@34f5090e]" started-at="2022-06-13T13:02:09 IST" name="Tc" data-provider="register" finished-at="2022-06-13T13:02:51 IST" duration-ms="42019" status="PASS">
          <params>
            <param index="0">
              <value>
                <![CDATA[anc]]>
              </value>
            </param>
            <param index="1">
              <value>
                <![CDATA[nh]]>
              </value>
            </param>
            <param index="2">
              <value>
                <![CDATA[av@gmail.com]]>
              </value>
            </param>
            <param index="3">
              <value>
                <![CDATA[avjgookgi1]]>
              </value>
            </param>
          </params>
          <reporter-output>
          </reporter-output>
        </test-method> <!-- Tc -->
        <test-method signature="Tc(java.lang.String,java.lang.String,java.lang.String,java.lang.String)[pri:0, instance:Data_Driven_Testing.RegistertodemoWebShop@34f5090e]" started-at="2022-06-13T13:02:51 IST" name="Tc" data-provider="register" finished-at="2022-06-13T13:03:07 IST" duration-ms="15318" status="PASS">
          <params>
            <param index="0">
              <value>
                <![CDATA[qwer]]>
              </value>
            </param>
            <param index="1">
              <value>
                <![CDATA[nard]]>
              </value>
            </param>
            <param index="2">
              <value>
                <![CDATA[qv@gmail.com]]>
              </value>
            </param>
            <param index="3">
              <value>
                <![CDATA[feuhefu12]]>
              </value>
            </param>
          </params>
          <reporter-output>
          </reporter-output>
        </test-method> <!-- Tc -->
      </class> <!-- Data_Driven_Testing.RegistertodemoWebShop -->
    </test> <!-- Default test -->
  </suite> <!-- Default suite -->
</testng-results>
